Using pre-set license
Built from '2020.3/staging' branch; Version is '2020.3.19f1 (68f137dc9bbe) revision 6877495'; Using compiler version '192528614'; Build Type 'Release'
OS: 'Windows 10 Home; OS build 22523.1000; Version 2009; 64bit' Language: 'en' Physical Memory: 12204 MB
BatchMode: 1, IsHumanControllingUs: 0, StartBugReporterOnCrash: 0, Is64bit: 1, IsPro: 0

COMMAND LINE ARGUMENTS:
C:\Program Files\Unity\Hub\Editor\2020.3.19f1\Editor\Unity.exe
-adb2
-batchMode
-noUpm
-name
AssetImportWorker0
-projectPath
E:/GameDev_Clan19-IntroUnity/GDC-19_UnityIntro
-logFile
Logs/AssetImportWorker0.log
-srvPort
51495
Successfully changed project path to: E:/GameDev_Clan19-IntroUnity/GDC-19_UnityIntro
E:/GameDev_Clan19-IntroUnity/GDC-19_UnityIntro
Using Asset Import Pipeline V2.
Refreshing native plugins compatible for Editor in 57.31 ms, found 3 plugins.
Preloading 0 native plugins for Editor in 0.00 ms.
Initialize engine version: 2020.3.19f1 (68f137dc9bbe)
[Subsystems] Discovering subsystems at path C:/Program Files/Unity/Hub/Editor/2020.3.19f1/Editor/Data/Resources/UnitySubsystems
[Subsystems] Discovering subsystems at path E:/GameDev_Clan19-IntroUnity/GDC-19_UnityIntro/Assets
GfxDevice: creating device client; threaded=0
Direct3D:
    Version:  Direct3D 11.0 [level 11.1]
    Renderer: Intel(R) HD Graphics 620 (ID=0x5916)
    Vendor:   
    VRAM:     6102 MB
    Driver:   30.0.101.1157
Initialize mono
Mono path[0] = 'C:/Program Files/Unity/Hub/Editor/2020.3.19f1/Editor/Data/Managed'
Mono path[1] = 'C:/Program Files/Unity/Hub/Editor/2020.3.19f1/Editor/Data/MonoBleedingEdge/lib/mono/unityjit'
Mono config path = 'C:/Program Files/Unity/Hub/Editor/2020.3.19f1/Editor/Data/MonoBleedingEdge/etc'
Using monoOptions --debugger-agent=transport=dt_socket,embedding=1,server=y,suspend=n,address=127.0.0.1:56404
Begin MonoManager ReloadAssembly
Registering precompiled unity dll's ...
Register platform support module: C:/Program Files/Unity/Hub/Editor/2020.3.19f1/Editor/Data/PlaybackEngines/WindowsStandaloneSupport/UnityEditor.WindowsStandalone.Extensions.dll
Registered in 0.023583 seconds.
Native extension for WindowsStandalone target not found
Refreshing native plugins compatible for Editor in 58.28 ms, found 3 plugins.
Preloading 0 native plugins for Editor in 0.00 ms.
Mono: successfully reloaded assembly
- Completed reload, in  3.872 seconds
Domain Reload Profiling:
	ReloadAssembly (3872ms)
		BeginReloadAssembly (90ms)
			ExecutionOrderSort (0ms)
			DisableScriptedObjects (0ms)
			BackupInstance (0ms)
			ReleaseScriptingObjects (0ms)
			CreateAndSetChildDomain (1ms)
		EndReloadAssembly (723ms)
			LoadAssemblies (87ms)
			RebuildTransferFunctionScriptingTraits (0ms)
			SetupTypeCache (292ms)
			ReleaseScriptCaches (0ms)
			RebuildScriptCaches (43ms)
			SetupLoadedEditorAssemblies (286ms)
				LogAssemblyErrors (0ms)
				InitializePlatformSupportModulesInManaged (5ms)
				SetLoadedEditorAssemblies (0ms)
				RefreshPlugins (58ms)
				BeforeProcessingInitializeOnLoad (13ms)
				ProcessInitializeOnLoadAttributes (155ms)
				ProcessInitializeOnLoadMethodAttributes (54ms)
				AfterProcessingInitializeOnLoad (0ms)
				EditorAssembliesLoaded (0ms)
			ExecutionOrderSort2 (0ms)
			AwakeInstancesAfterBackupRestoration (0ms)
Platform modules already initialized, skipping
Registering precompiled user dll's ...
Registered in 0.002674 seconds.
Begin MonoManager ReloadAssembly
Native extension for WindowsStandalone target not found
Refreshing native plugins compatible for Editor in 60.45 ms, found 3 plugins.
Preloading 0 native plugins for Editor in 0.00 ms.
Mono: successfully reloaded assembly
- Completed reload, in  1.859 seconds
Domain Reload Profiling:
	ReloadAssembly (1861ms)
		BeginReloadAssembly (230ms)
			ExecutionOrderSort (0ms)
			DisableScriptedObjects (7ms)
			BackupInstance (0ms)
			ReleaseScriptingObjects (0ms)
			CreateAndSetChildDomain (24ms)
		EndReloadAssembly (1523ms)
			LoadAssemblies (163ms)
			RebuildTransferFunctionScriptingTraits (0ms)
			SetupTypeCache (514ms)
			ReleaseScriptCaches (1ms)
			RebuildScriptCaches (81ms)
			SetupLoadedEditorAssemblies (593ms)
				LogAssemblyErrors (0ms)
				InitializePlatformSupportModulesInManaged (7ms)
				SetLoadedEditorAssemblies (0ms)
				RefreshPlugins (61ms)
				BeforeProcessingInitializeOnLoad (92ms)
				ProcessInitializeOnLoadAttributes (400ms)
				ProcessInitializeOnLoadMethodAttributes (26ms)
				AfterProcessingInitializeOnLoad (7ms)
				EditorAssembliesLoaded (0ms)
			ExecutionOrderSort2 (0ms)
			AwakeInstancesAfterBackupRestoration (11ms)
Platform modules already initialized, skipping
========================================================================
Worker process is ready to serve import requests
Launched and connected shader compiler UnityShaderCompiler.exe after 0.13 seconds
Refreshing native plugins compatible for Editor in 2.02 ms, found 3 plugins.
Preloading 0 native plugins for Editor in 0.00 ms.
Unloading 2106 Unused Serialized files (Serialized files now loaded: 0)
System memory in use before: 95.2 MB.
System memory in use after: 95.3 MB.

Unloading 26 unused Assets to reduce memory usage. Loaded Objects now: 2545.
Total: 4.825100 ms (FindLiveObjects: 0.233600 ms CreateObjectMapping: 0.112700 ms MarkObjects: 4.333200 ms  DeleteObjects: 0.143700 ms)

AssetImportParameters requested are different than current active one (requested -> active):
  custom:framework-win-MediaFoundation: 216162199b28c13a410421893ffa2e32 -> 
  custom:video-decoder-ogg-theora: a1e56fd34408186e4bbccfd4996cb3dc -> 
  custom:container-muxer-webm: aa71ff27fc2769a1b78a27578f13a17b -> 
  custom:container-demuxer-webm: 4f35f7cbe854078d1ac9338744f61a02 -> 
  custom:container-demuxer-ogg: 62fdf1f143b41e24485cea50d1cbac27 -> 
  custom:video-encoder-webm-vp8: eb34c28f22e8b96e1ab97ce403110664 -> 
  custom:video-decoder-webm-vp8: 9c59270c3fd7afecdb556c50c9e8de78 -> 
  custom:audio-decoder-ogg-vorbis: bf7c407c2cedff20999df2af8eb42d56 -> 
  custom:audio-encoder-webm-vorbis: bf7c407c2cedff20999df2af8eb42d56 -> 
========================================================================
Received Import Request.
  path: Assets/Scenes
  artifactKey: Guid(9afea52a6fcfe5247b23e07513ab334a) Importer(815301076,1909f56bfc062723c751e8b465ee728b)
Start importing Assets/Scenes using Guid(9afea52a6fcfe5247b23e07513ab334a) Importer(815301076,1909f56bfc062723c751e8b465ee728b)  -> (artifact id: '9be0f7d73f5cc6bef5d9eb069335838a') in 0.024455 seconds 
  Import took 0.031455 seconds .

========================================================================
Received Import Request.
  Time since last request: 1.429960 seconds.
  path: Assets/Scenes/Scene1.unity
  artifactKey: Guid(6645e29e1e9a1d9448e089a93c0fe41c) Importer(815301076,1909f56bfc062723c751e8b465ee728b)
Start importing Assets/Scenes/Scene1.unity using Guid(6645e29e1e9a1d9448e089a93c0fe41c) Importer(815301076,1909f56bfc062723c751e8b465ee728b)  -> (artifact id: '6b1f88b108b3b52c6482032ade2a4b2e') in 0.071362 seconds 
  Import took 0.080239 seconds .

========================================================================
Received Import Request.
  Time since last request: 8.922751 seconds.
  path: Assets/Scenes/Scene2.unity
  artifactKey: Guid(2e61cc4d5948fd44e819afe9731fd318) Importer(815301076,1909f56bfc062723c751e8b465ee728b)
Start importing Assets/Scenes/Scene2.unity using Guid(2e61cc4d5948fd44e819afe9731fd318) Importer(815301076,1909f56bfc062723c751e8b465ee728b)  -> (artifact id: '7d7e4a105944a019b11e33a6f6a4143f') in 0.027369 seconds 
  Import took 0.032495 seconds .

========================================================================
Received Import Request.
  Time since last request: 8.395529 seconds.
  path: Assets/Scenes/Scene3.unity
  artifactKey: Guid(4e78d16f4e6ccdf4981b7f28f2a1d707) Importer(815301076,1909f56bfc062723c751e8b465ee728b)
Start importing Assets/Scenes/Scene3.unity using Guid(4e78d16f4e6ccdf4981b7f28f2a1d707) Importer(815301076,1909f56bfc062723c751e8b465ee728b)  -> (artifact id: '8cf6a5f47705a597038ceb6ec3447eef') in 0.025955 seconds 
  Import took 0.035990 seconds .

========================================================================
Received Import Request.
  Time since last request: 2.660690 seconds.
  path: Assets/Scenes/MainScene.unity
  artifactKey: Guid(2cda990e2423bbf4892e6590ba056729) Importer(815301076,1909f56bfc062723c751e8b465ee728b)
Start importing Assets/Scenes/MainScene.unity using Guid(2cda990e2423bbf4892e6590ba056729) Importer(815301076,1909f56bfc062723c751e8b465ee728b)  -> (artifact id: 'f89226ace6af0a65591b07a30f7754a4') in 0.034469 seconds 
  Import took 0.041422 seconds .

========================================================================
Received Import Request.
  Time since last request: 117.934098 seconds.
  path: Assets/Scenes/Scene1.unity
  artifactKey: Guid(6645e29e1e9a1d9448e089a93c0fe41c) Importer(815301076,1909f56bfc062723c751e8b465ee728b)
Start importing Assets/Scenes/Scene1.unity using Guid(6645e29e1e9a1d9448e089a93c0fe41c) Importer(815301076,1909f56bfc062723c751e8b465ee728b)  -> (artifact id: '84468bec989d84ae3f8c9e33e54d22d3') in 0.009120 seconds 
  Import took 0.016300 seconds .

========================================================================
Received Import Request.
  Time since last request: 4359.137293 seconds.
  path: Assets/Scenes/Scene1.unity
  artifactKey: Guid(6645e29e1e9a1d9448e089a93c0fe41c) Importer(815301076,1909f56bfc062723c751e8b465ee728b)
Start importing Assets/Scenes/Scene1.unity using Guid(6645e29e1e9a1d9448e089a93c0fe41c) Importer(815301076,1909f56bfc062723c751e8b465ee728b)  -> (artifact id: 'ccae108b788cc9557134c32c174f8c69') in 0.009989 seconds 
  Import took 0.018102 seconds .

========================================================================
Received Import Request.
  Time since last request: 129.058755 seconds.
  path: Assets/Scenes/Scene1.unity
  artifactKey: Guid(6645e29e1e9a1d9448e089a93c0fe41c) Importer(815301076,1909f56bfc062723c751e8b465ee728b)
Start importing Assets/Scenes/Scene1.unity using Guid(6645e29e1e9a1d9448e089a93c0fe41c) Importer(815301076,1909f56bfc062723c751e8b465ee728b)  -> (artifact id: '59e8942e84f4c7c47847e241a3bccb18') in 0.008384 seconds 
  Import took 0.014594 seconds .

========================================================================
Received Import Request.
  Time since last request: 2.888145 seconds.
  path: Assets/Scenes/Scene2.unity
  artifactKey: Guid(2e61cc4d5948fd44e819afe9731fd318) Importer(815301076,1909f56bfc062723c751e8b465ee728b)
Start importing Assets/Scenes/Scene2.unity using Guid(2e61cc4d5948fd44e819afe9731fd318) Importer(815301076,1909f56bfc062723c751e8b465ee728b)  -> (artifact id: '167365712bea593ac7f4d41417bf4130') in 0.008603 seconds 
  Import took 0.015082 seconds .

========================================================================
Received Import Request.
  Time since last request: 75.340519 seconds.
  path: Assets/Scenes/Scene2.unity
  artifactKey: Guid(2e61cc4d5948fd44e819afe9731fd318) Importer(815301076,1909f56bfc062723c751e8b465ee728b)
Start importing Assets/Scenes/Scene2.unity using Guid(2e61cc4d5948fd44e819afe9731fd318) Importer(815301076,1909f56bfc062723c751e8b465ee728b)  -> (artifact id: 'b46e8527afb78f67f700fdcf3aa987a1') in 0.008630 seconds 
  Import took 0.014316 seconds .

========================================================================
Received Import Request.
  Time since last request: 1026.368819 seconds.
  path: Assets/Scenes/Scene2.unity
  artifactKey: Guid(2e61cc4d5948fd44e819afe9731fd318) Importer(815301076,1909f56bfc062723c751e8b465ee728b)
Start importing Assets/Scenes/Scene2.unity using Guid(2e61cc4d5948fd44e819afe9731fd318) Importer(815301076,1909f56bfc062723c751e8b465ee728b)  -> (artifact id: 'd29b747841e1eeda0ef9263cf896ee83') in 0.012367 seconds 
  Import took 0.017557 seconds .

========================================================================
Received Import Request.
  Time since last request: 135.710941 seconds.
  path: Assets/Scenes/Scene3.unity
  artifactKey: Guid(4e78d16f4e6ccdf4981b7f28f2a1d707) Importer(815301076,1909f56bfc062723c751e8b465ee728b)
Start importing Assets/Scenes/Scene3.unity using Guid(4e78d16f4e6ccdf4981b7f28f2a1d707) Importer(815301076,1909f56bfc062723c751e8b465ee728b)  -> (artifact id: '917f69d99d82d01b87a446d9c491247e') in 0.020009 seconds 
  Import took 0.028545 seconds .

========================================================================
Received Import Request.
  Time since last request: 294.708711 seconds.
  path: Assets/Scenes/Scene3.unity
  artifactKey: Guid(4e78d16f4e6ccdf4981b7f28f2a1d707) Importer(815301076,1909f56bfc062723c751e8b465ee728b)
Start importing Assets/Scenes/Scene3.unity using Guid(4e78d16f4e6ccdf4981b7f28f2a1d707) Importer(815301076,1909f56bfc062723c751e8b465ee728b)  -> (artifact id: '7b3577a12b5f48f0d34e0ceaab19df2e') in 0.010396 seconds 
  Import took 0.108509 seconds .

========================================================================
Received Import Request.
  Time since last request: 333.285771 seconds.
  path: Assets/Scenes/MainScene.unity
  artifactKey: Guid(2cda990e2423bbf4892e6590ba056729) Importer(815301076,1909f56bfc062723c751e8b465ee728b)
Start importing Assets/Scenes/MainScene.unity using Guid(2cda990e2423bbf4892e6590ba056729) Importer(815301076,1909f56bfc062723c751e8b465ee728b)  -> (artifact id: 'bef3902c506f06211ccb51d25f443357') in 0.854940 seconds 
  Import took 1.141362 seconds .

========================================================================
Received Import Request.
  Time since last request: 10.427101 seconds.
  path: Assets/Scenes/Scene1.unity
  artifactKey: Guid(6645e29e1e9a1d9448e089a93c0fe41c) Importer(815301076,1909f56bfc062723c751e8b465ee728b)
Start importing Assets/Scenes/Scene1.unity using Guid(6645e29e1e9a1d9448e089a93c0fe41c) Importer(815301076,1909f56bfc062723c751e8b465ee728b)  -> (artifact id: 'd35b522854dbd64e17d2115d4c235d47') in 0.012899 seconds 
  Import took 0.166294 seconds .

========================================================================
Received Import Request.
  Time since last request: 18.082843 seconds.
  path: Assets/Scenes/MainScene.unity
  artifactKey: Guid(2cda990e2423bbf4892e6590ba056729) Importer(815301076,1909f56bfc062723c751e8b465ee728b)
Start importing Assets/Scenes/MainScene.unity using Guid(2cda990e2423bbf4892e6590ba056729) Importer(815301076,1909f56bfc062723c751e8b465ee728b)  -> (artifact id: '327bb5539d9bc6b8ac3ff943c3a3d07d') in 0.008698 seconds 
  Import took 0.039934 seconds .

========================================================================
Received Import Request.
  Time since last request: 15.312380 seconds.
  path: Assets/Scenes/Scene1.unity
  artifactKey: Guid(6645e29e1e9a1d9448e089a93c0fe41c) Importer(815301076,1909f56bfc062723c751e8b465ee728b)
Start importing Assets/Scenes/Scene1.unity using Guid(6645e29e1e9a1d9448e089a93c0fe41c) Importer(815301076,1909f56bfc062723c751e8b465ee728b)  -> (artifact id: 'a3bc965e8933ca23f9e90daf3d8741f3') in 0.011581 seconds 
  Import took 0.018016 seconds .

========================================================================
Received Import Request.
  Time since last request: 59.457441 seconds.
  path: Assets/Scenes/Scene3.unity
  artifactKey: Guid(4e78d16f4e6ccdf4981b7f28f2a1d707) Importer(815301076,1909f56bfc062723c751e8b465ee728b)
Start importing Assets/Scenes/Scene3.unity using Guid(4e78d16f4e6ccdf4981b7f28f2a1d707) Importer(815301076,1909f56bfc062723c751e8b465ee728b)  -> (artifact id: 'c8a448871ac2e899f273587cbb9397c0') in 0.010245 seconds 
  Import took 0.016960 seconds .

========================================================================
Received Import Request.
  Time since last request: 78.845702 seconds.
  path: Assets/Scenes/MainScene.unity
  artifactKey: Guid(2cda990e2423bbf4892e6590ba056729) Importer(815301076,1909f56bfc062723c751e8b465ee728b)
Start importing Assets/Scenes/MainScene.unity using Guid(2cda990e2423bbf4892e6590ba056729) Importer(815301076,1909f56bfc062723c751e8b465ee728b)  -> (artifact id: 'f15f87c84db9993306b3efe442c1585a') in 0.013984 seconds 
  Import took 0.030839 seconds .

AssetImportWorkerClient::OnTransportError - code=2 error=End of file
